<?xml version="1.0" encoding="utf-8"?><testsuites name="pytest tests"><testsuite name="pytest" errors="0" failures="0" skipped="0" tests="14" time="1.945" timestamp="2026-06-24T14:11:17.514245+00:00" hostname="agent-env-656960d2-f82e-4e86-a6f7-9d9893886676"><testcase classname="backend.tests.test_eclosion_api" name="test_root" time="0.205" /><testcase classname="backend.tests.test_eclosion_api" name="test_opportunities_returns_5" time="0.101" /><testcase classname="backend.tests.test_eclosion_api" name="test_training_modules_list" time="0.136" /><testcase classname="backend.tests.test_eclosion_api" name="test_training_module_detail" time="0.112" /><testcase classname="backend.tests.test_eclosion_api" name="test_training_module_not_found" time="0.148" /><testcase classname="backend.tests.test_eclosion_api" name="test_auth_session_invalid_token" time="0.240" /><testcase classname="backend.tests.test_eclosion_api" name="test_auth_me_without_token" time="0.178" /><testcase classname="backend.tests.test_eclosion_api" name="test_auth_me_with_bad_token" time="0.124" /><testcase classname="backend.tests.test_eclosion_api" name="test_create_group_requires_auth" time="0.098" /><testcase classname="backend.tests.test_eclosion_api" name="test_join_group_requires_auth" time="0.101" /><testcase classname="backend.tests.test_eclosion_api" name="test_my_group_requires_auth" time="0.097" /><testcase classname="backend.tests.test_eclosion_api" name="test_list_groups_public" time="0.107" /><testcase classname="backend.tests.test_eclosion_api" name="test_funding_generate_requires_auth" time="0.095" /><testcase classname="backend.tests.test_eclosion_api" name="test_funding_mine_requires_auth" time="0.109" /></testsuite></testsuites>